# JRE version: Java(TM) SE Runtime Environment (8.0_181-b13) (build 1.8.0_181-b13)
# Java VM: Java HotSpot(TM) 64-Bit Server VM (25.181-b13 mixed mode bsd-amd64 compressed oops)
Heap:
 PSYoungGen      total 34816K, used 5866K [0x0000000795580000, 0x0000000798580000, 0x00000007c0000000)
  eden space 30720K, 6% used [0x0000000795580000,0x0000000795797048,0x0000000797380000)
  from space 4096K, 90% used [0x0000000797400000,0x00000007977a3b00,0x0000000797800000)
  to   space 9216K, 0% used [0x0000000797c80000,0x0000000797c80000,0x0000000798580000)
 ParOldGen       total 49664K, used 9125K [0x0000000740000000, 0x0000000743080000, 0x0000000795580000)
  object space 49664K, 18% used [0x0000000740000000,0x00000007408e9720,0x0000000743080000)
 Metaspace       used 22486K, capacity 23300K, committed 23424K, reserved 1069056K
  class space    used 2964K, capacity 3186K, committed 3200K, reserved 1048576K
GC Heap History (10 events):
Event: 8.954 GC heap before
{Heap before GC invocations=6 (full 1):
 PSYoungGen      total 38400K, used 36193K [0x0000000795580000, 0x0000000798000000, 0x00000007c0000000)
  eden space 33280K, 100% used [0x0000000795580000,0x0000000797600000,0x0000000797600000)
  from space 5120K, 56% used [0x0000000797b00000,0x0000000797dd87a0,0x0000000798000000)
  to   space 5120K, 0% used [0x0000000797600000,0x0000000797600000,0x0000000797b00000)
 ParOldGen       total 49664K, used 9043K [0x0000000740000000, 0x0000000743080000, 0x0000000795580000)
  object space 49664K, 18% used [0x0000000740000000,0x00000007408d4d20,0x0000000743080000)
 Metaspace       used 21848K, capacity 22510K, committed 22656K, reserved 1069056K
  class space    used 2904K, capacity 3117K, committed 3200K, reserved 1048576K
Event: 8.956 GC heap after
Heap after GC invocations=6 (full 1):
 PSYoungGen      total 37888K, used 3001K [0x0000000795580000, 0x0000000798b80000, 0x00000007c0000000)
  eden space 32768K, 0% used [0x0000000795580000,0x0000000795580000,0x0000000797580000)
  from space 5120K, 58% used [0x0000000797600000,0x00000007978ee550,0x0000000797b00000)
  to   space 11264K, 0% used [0x0000000798080000,0x0000000798080000,0x0000000798b80000)
 ParOldGen       total 49664K, used 9051K [0x0000000740000000, 0x0000000743080000, 0x0000000795580000)
  object space 49664K, 18% used [0x0000000740000000,0x00000007408d6d20,0x0000000743080000)
 Metaspace       used 21848K, capacity 22510K, committed 22656K, reserved 1069056K
  class space    used 2904K, capacity 3117K, committed 3200K, reserved 1048576K
}
Event: 9.725 GC heap before
{Heap before GC invocations=7 (full 1):
 PSYoungGen      total 37888K, used 35769K [0x0000000795580000, 0x0000000798b80000, 0x00000007c0000000)
  eden space 32768K, 100% used [0x0000000795580000,0x0000000797580000,0x0000000797580000)
  from space 5120K, 58% used [0x0000000797600000,0x00000007978ee550,0x0000000797b00000)
  to   space 11264K, 0% used [0x0000000798080000,0x0000000798080000,0x0000000798b80000)
 ParOldGen       total 49664K, used 9091K [0x0000000740000000, 0x0000000743080000, 0x0000000795580000)
  object space 49664K, 18% used [0x0000000740000000,0x00000007408e0f90,0x0000000743080000)
 Metaspace       used 21944K, capacity 22638K, committed 22912K, reserved 1069056K
  class space    used 2905K, capacity 3117K, committed 3200K, reserved 1048576K
Event: 9.730 GC heap after
Heap after GC invocations=7 (full 1):
 PSYoungGen      total 41984K, used 3129K [0x0000000795580000, 0x0000000798a00000, 0x00000007c0000000)
  eden space 32256K, 0% used [0x0000000795580000,0x0000000795580000,0x0000000797500000)
  from space 9728K, 32% used [0x0000000798080000,0x000000079838e550,0x0000000798a00000)
  to   space 10752K, 0% used [0x0000000797500000,0x0000000797500000,0x0000000797f80000)
 ParOldGen       total 49664K, used 9099K [0x0000000740000000, 0x0000000743080000, 0x0000000795580000)
  object space 49664K, 18% used [0x0000000740000000,0x00000007408e2f90,0x0000000743080000)
 Metaspace       used 21944K, capacity 22638K, committed 22912K, reserved 1069056K
  class space    used 2905K, capacity 3117K, committed 3200K, reserved 1048576K
}
Event: 10.295 GC heap before
{Heap before GC invocations=8 (full 1):
 PSYoungGen      total 41984K, used 35385K [0x0000000795580000, 0x0000000798a00000, 0x00000007c0000000)
  eden space 32256K, 100% used [0x0000000795580000,0x0000000797500000,0x0000000797500000)
  from space 9728K, 32% used [0x0000000798080000,0x000000079838e550,0x0000000798a00000)
  to   space 10752K, 0% used [0x0000000797500000,0x0000000797500000,0x0000000797f80000)
 ParOldGen       total 49664K, used 9101K [0x0000000740000000, 0x0000000743080000, 0x0000000795580000)
  object space 49664K, 18% used [0x0000000740000000,0x00000007408e3720,0x0000000743080000)
 Metaspace       used 22006K, capacity 22702K, committed 22912K, reserved 1069056K
  class space    used 2905K, capacity 3117K, committed 3200K, reserved 1048576K
Event: 10.298 GC heap after
Heap after GC invocations=8 (full 1):
 PSYoungGen      total 35328K, used 3321K [0x0000000795580000, 0x0000000798780000, 0x00000007c0000000)
  eden space 31744K, 0% used [0x0000000795580000,0x0000000795580000,0x0000000797480000)
  from space 3584K, 92% used [0x0000000797500000,0x000000079783e550,0x0000000797880000)
  to   space 9728K, 0% used [0x0000000797e00000,0x0000000797e00000,0x0000000798780000)
 ParOldGen       total 49664K, used 9109K [0x0000000740000000, 0x0000000743080000, 0x0000000795580000)
  object space 49664K, 18% used [0x0000000740000000,0x00000007408e5720,0x0000000743080000)
 Metaspace       used 22006K, capacity 22702K, committed 22912K, reserved 1069056K
  class space    used 2905K, capacity 3117K, committed 3200K, reserved 1048576K
}
Event: 11.043 GC heap before
{Heap before GC invocations=9 (full 1):
 PSYoungGen      total 35328K, used 35065K [0x0000000795580000, 0x0000000798780000, 0x00000007c0000000)
  eden space 31744K, 100% used [0x0000000795580000,0x0000000797480000,0x0000000797480000)
  from space 3584K, 92% used [0x0000000797500000,0x000000079783e550,0x0000000797880000)
  to   space 9728K, 0% used [0x0000000797e00000,0x0000000797e00000,0x0000000798780000)
 ParOldGen       total 49664K, used 9109K [0x0000000740000000, 0x0000000743080000, 0x0000000795580000)
  object space 49664K, 18% used [0x0000000740000000,0x00000007408e5720,0x0000000743080000)
 Metaspace       used 22116K, capacity 22830K, committed 23168K, reserved 1069056K
  class space    used 2905K, capacity 3117K, committed 3200K, reserved 1048576K
Event: 11.046 GC heap after
Heap after GC invocations=9 (full 1):
 PSYoungGen      total 39424K, used 3537K [0x0000000795580000, 0x0000000798600000, 0x00000007c0000000)
  eden space 31232K, 0% used [0x0000000795580000,0x0000000795580000,0x0000000797400000)
  from space 8192K, 43% used [0x0000000797e00000,0x00000007981744d0,0x0000000798600000)
  to   space 9216K, 0% used [0x0000000797400000,0x0000000797400000,0x0000000797d00000)
 ParOldGen       total 49664K, used 9117K [0x0000000740000000, 0x0000000743080000, 0x0000000795580000)
  object space 49664K, 18% used [0x0000000740000000,0x00000007408e7720,0x0000000743080000)
 Metaspace       used 22116K, capacity 22830K, committed 23168K, reserved 1069056K
  class space    used 2905K, capacity 3117K, committed 3200K, reserved 1048576K
}
Event: 12.896 GC heap before
{Heap before GC invocations=10 (full 1):
 PSYoungGen      total 39424K, used 34721K [0x0000000795580000, 0x0000000798600000, 0x00000007c0000000)
  eden space 31232K, 99% used [0x0000000795580000,0x00000007973f42c0,0x0000000797400000)
  from space 8192K, 43% used [0x0000000797e00000,0x00000007981744d0,0x0000000798600000)
  to   space 9216K, 0% used [0x0000000797400000,0x0000000797400000,0x0000000797d00000)
 ParOldGen       total 49664K, used 9117K [0x0000000740000000, 0x0000000743080000, 0x0000000795580000)
  object space 49664K, 18% used [0x0000000740000000,0x00000007408e7720,0x0000000743080000)
 Metaspace       used 22438K, capacity 23122K, committed 23168K, reserved 1069056K
  class space    used 2957K, capacity 3175K, committed 3200K, reserved 1048576K
Event: 12.899 GC heap after
Heap after GC invocations=10 (full 1):
 PSYoungGen      total 34816K, used 3726K [0x0000000795580000, 0x0000000798580000, 0x00000007c0000000)
  eden space 30720K, 0% used [0x0000000795580000,0x0000000795580000,0x0000000797380000)
  from space 4096K, 90% used [0x0000000797400000,0x00000007977a3b00,0x0000000797800000)
  to   space 9216K, 0% used [0x0000000797c80000,0x0000000797c80000,0x0000000798580000)
 ParOldGen       total 49664K, used 9125K [0x0000000740000000, 0x0000000743080000, 0x0000000795580000)
  object space 49664K, 18% used [0x0000000740000000,0x00000007408e9720,0x0000000743080000)
 Metaspace       used 22438K, capacity 23122K, committed 23168K, reserved 1069056K
  class space    used 2957K, capacity 3175K, committed 3200K, reserved 1048576K
}

